2017-05-17 23:44:09 [main] INFO  c.g.wjw.service.user.UserServiceTest - Starting UserServiceTest on jail-PC with PID 11288 (started by Jail Hu in D:\workspace\git\jWjw)
2017-05-17 23:44:09 [main] INFO  c.g.wjw.service.user.UserServiceTest - The following profiles are active: development
2017-05-17 23:44:09 [main] INFO  o.s.b.c.e.AnnotationConfigEmbeddedWebApplicationContext - Refreshing org.springframework.boot.context.embedded.AnnotationConfigEmbeddedWebApplicationContext@65c7a252: startup date [Wed May 17 23:44:09 CST 2017]; root of context hierarchy
2017-05-17 23:44:10 [background-preinit] INFO  o.h.validator.internal.util.Version - HV000001: Hibernate Validator 5.3.5.Final
2017-05-17 23:44:11 [main] INFO  o.s.b.c.e.t.TomcatEmbeddedServletContainer - Tomcat initialized with port(s): 0 (http)
2017-05-17 23:44:11 [main] INFO  o.a.catalina.core.StandardService - Starting service Tomcat
2017-05-17 23:44:11 [main] INFO  o.a.catalina.core.StandardEngine - Starting Servlet Engine: Apache Tomcat/8.5.14
2017-05-17 23:44:11 [localhost-startStop-1] INFO  o.a.c.c.C.[Tomcat].[localhost].[/] - Initializing Spring embedded WebApplicationContext
2017-05-17 23:44:11 [localhost-startStop-1] INFO  o.s.web.context.ContextLoader - Root WebApplicationContext: initialization completed in 1298 ms
2017-05-17 23:44:11 [localhost-startStop-1] INFO  o.s.b.w.s.ServletRegistrationBean - Mapping servlet: 'dispatcherServlet' to [/]
2017-05-17 23:44:11 [localhost-startStop-1] INFO  o.s.b.w.s.FilterRegistrationBean - Mapping filter: 'characterEncodingFilter' to: [/*]
2017-05-17 23:44:11 [localhost-startStop-1] INFO  o.s.b.w.s.FilterRegistrationBean - Mapping filter: 'hiddenHttpMethodFilter' to: [/*]
2017-05-17 23:44:11 [localhost-startStop-1] INFO  o.s.b.w.s.FilterRegistrationBean - Mapping filter: 'httpPutFormContentFilter' to: [/*]
2017-05-17 23:44:11 [localhost-startStop-1] INFO  o.s.b.w.s.FilterRegistrationBean - Mapping filter: 'requestContextFilter' to: [/*]
2017-05-17 23:44:12 [main] INFO  o.s.w.s.m.m.a.RequestMappingHandlerAdapter - Looking for @ControllerAdvice: org.springframework.boot.context.embedded.AnnotationConfigEmbeddedWebApplicationContext@65c7a252: startup date [Wed May 17 23:44:09 CST 2017]; root of context hierarchy
2017-05-17 23:44:12 [main] INFO  o.s.w.s.m.m.a.RequestMappingHandlerMapping - Mapped "{[/helloworld]}" onto protected java.lang.String com.goodlaike.wjw.controller.HomeController.helloworld()
2017-05-17 23:44:12 [main] INFO  o.s.w.s.m.m.a.RequestMappingHandlerMapping - Mapped "{[/error]}" onto public org.springframework.http.ResponseEntity<java.util.Map<java.lang.String, java.lang.Object>> org.springframework.boot.autoconfigure.web.BasicErrorController.error(javax.servlet.http.HttpServletRequest)
2017-05-17 23:44:12 [main] INFO  o.s.w.s.m.m.a.RequestMappingHandlerMapping - Mapped "{[/error],produces=[text/html]}" onto public org.springframework.web.servlet.ModelAndView org.springframework.boot.autoconfigure.web.BasicErrorController.errorHtml(javax.servlet.http.HttpServletRequest,javax.servlet.http.HttpServletResponse)
2017-05-17 23:44:12 [main] INFO  o.s.w.s.h.SimpleUrlHandlerMapping - Mapped URL path [/webjars/**] onto handler of type [class org.springframework.web.servlet.resource.ResourceHttpRequestHandler]
2017-05-17 23:44:12 [main] INFO  o.s.w.s.h.SimpleUrlHandlerMapping - Mapped URL path [/**] onto handler of type [class org.springframework.web.servlet.resource.ResourceHttpRequestHandler]
2017-05-17 23:44:12 [main] INFO  o.s.w.s.h.SimpleUrlHandlerMapping - Mapped URL path [/**/favicon.ico] onto handler of type [class org.springframework.web.servlet.resource.ResourceHttpRequestHandler]
2017-05-17 23:44:12 [main] INFO  o.a.coyote.http11.Http11NioProtocol - Initializing ProtocolHandler ["http-nio-auto-1"]
2017-05-17 23:44:12 [main] INFO  o.a.coyote.http11.Http11NioProtocol - Starting ProtocolHandler ["http-nio-auto-1"]
2017-05-17 23:44:12 [main] INFO  o.a.tomcat.util.net.NioSelectorPool - Using a shared selector for servlet write/read
2017-05-17 23:44:12 [main] INFO  o.s.b.c.e.t.TomcatEmbeddedServletContainer - Tomcat started on port(s): 53150 (http)
2017-05-17 23:44:12 [main] INFO  c.g.wjw.service.user.UserServiceTest - Started UserServiceTest in 3.015 seconds (JVM running for 3.476)
2017-05-17 23:44:12 [main] INFO  o.s.t.c.t.TransactionContext - Began transaction (1) for test context [DefaultTestContext@23d2a7e8 testClass = UserServiceTest, testInstance = com.goodlaike.wjw.service.user.UserServiceTest@45820e51, testMethod = testChangePassword@UserServiceTest, testException = [null], mergedContextConfiguration = [WebMergedContextConfiguration@7a9273a8 testClass = UserServiceTest, locations = '{}', classes = '{class com.goodlaike.wjw.Application, class com.goodlaike.wjw.Application}', contextInitializerClasses = '[]', activeProfiles = '{}', propertySourceLocations = '{}', propertySourceProperties = '{org.springframework.boot.test.context.SpringBootTestContextBootstrapper=true, server.port=0}', contextCustomizers = set[org.springframework.boot.test.context.SpringBootTestContextCustomizer@61832929, org.springframework.boot.test.context.filter.ExcludeFilterContextCustomizer@5e5792a0, org.springframework.boot.test.mock.mockito.MockitoContextCustomizer@0, org.springframework.boot.test.autoconfigure.properties.PropertyMappingContextCustomizer@0, org.springframework.boot.test.autoconfigure.web.servlet.WebDriverContextCustomizerFactory$Customizer@13deb50e], resourceBasePath = 'src/main/webapp', contextLoader = 'org.springframework.boot.test.context.SpringBootContextLoader', parent = [null]]]; transaction manager [org.springframework.jdbc.datasource.DataSourceTransactionManager@64d4f7c7]; rollback [true]
2017-05-17 23:44:12 [main] DEBUG dao.UserMapper.findUserNameCnt - ==>  Preparing: select count(1) from user where userName = ? and status = 0 
2017-05-17 23:44:12 [main] DEBUG dao.UserMapper.findUserNameCnt - ==> Parameters: hello(String)
2017-05-17 23:44:12 [main] DEBUG dao.UserMapper.findUserNameCnt - <==      Total: 1
2017-05-17 23:44:12 [main] DEBUG dao.UserMapper.insert - ==>  Preparing: INSERT INTO `user` ( `userName`, `salt`, `password`, `creator`, `updator`) VALUES ( ?, ?, md5(concat(?,md5(?))), ?, ? ); 
2017-05-17 23:44:12 [main] DEBUG dao.UserMapper.insert - ==> Parameters: hello(String), a1d98da89e134a6c8ce57bc09f56adf1(String), a1d98da89e134a6c8ce57bc09f56adf1(String), abcefg(String), 1(Integer), 1(Integer)
2017-05-17 23:44:12 [main] DEBUG dao.UserMapper.insert - <==    Updates: 1
2017-05-17 23:44:12 [main] DEBUG dao.UserMapper.insert!selectKey - ==>  Preparing: select @@IDENTITY 
2017-05-17 23:44:12 [main] DEBUG dao.UserMapper.insert!selectKey - ==> Parameters: 
2017-05-17 23:44:12 [main] DEBUG dao.UserMapper.insert!selectKey - <==      Total: 1
2017-05-17 23:44:12 [main] DEBUG dao.UserMapper.findById2 - ==>  Preparing: select * from user where id = ? and password = md5(concat(salt,md5(?))) and status = 0 
2017-05-17 23:44:12 [main] DEBUG dao.UserMapper.findById2 - ==> Parameters: 5(Integer), abcefg(String)
2017-05-17 23:44:12 [main] DEBUG dao.UserMapper.findById2 - <==      Total: 1
2017-05-17 23:44:12 [main] DEBUG dao.UserMapper.changePassword - ==>  Preparing: update user set `password` = md5(concat(salt,md5(?))), `updator` = ?, `updateTime` = now() where id = ? 
2017-05-17 23:44:12 [main] DEBUG dao.UserMapper.changePassword - ==> Parameters: cbaaac(String), 1(Integer), 5(Integer)
2017-05-17 23:44:12 [main] DEBUG dao.UserMapper.changePassword - <==    Updates: 1
2017-05-17 23:44:12 [main] DEBUG dao.UserMapper.changePassword - ==>  Preparing: update user set `password` = md5(concat(salt,md5(?))), `updator` = ?, `updateTime` = now() where id = ? 
2017-05-17 23:44:12 [main] DEBUG dao.UserMapper.changePassword - ==> Parameters: dddccc(String), 1(Integer), 5(Integer)
2017-05-17 23:44:12 [main] DEBUG dao.UserMapper.changePassword - <==    Updates: 1
2017-05-17 23:44:12 [main] INFO  o.s.t.c.t.TransactionContext - Rolled back transaction for test context [DefaultTestContext@23d2a7e8 testClass = UserServiceTest, testInstance = com.goodlaike.wjw.service.user.UserServiceTest@45820e51, testMethod = testChangePassword@UserServiceTest, testException = [null], mergedContextConfiguration = [WebMergedContextConfiguration@7a9273a8 testClass = UserServiceTest, locations = '{}', classes = '{class com.goodlaike.wjw.Application, class com.goodlaike.wjw.Application}', contextInitializerClasses = '[]', activeProfiles = '{}', propertySourceLocations = '{}', propertySourceProperties = '{org.springframework.boot.test.context.SpringBootTestContextBootstrapper=true, server.port=0}', contextCustomizers = set[org.springframework.boot.test.context.SpringBootTestContextCustomizer@61832929, org.springframework.boot.test.context.filter.ExcludeFilterContextCustomizer@5e5792a0, org.springframework.boot.test.mock.mockito.MockitoContextCustomizer@0, org.springframework.boot.test.autoconfigure.properties.PropertyMappingContextCustomizer@0, org.springframework.boot.test.autoconfigure.web.servlet.WebDriverContextCustomizerFactory$Customizer@13deb50e], resourceBasePath = 'src/main/webapp', contextLoader = 'org.springframework.boot.test.context.SpringBootContextLoader', parent = [null]]].
2017-05-17 23:44:12 [main] INFO  o.s.b.c.e.AnnotationConfigEmbeddedWebApplicationContext - Closing org.springframework.boot.context.embedded.AnnotationConfigEmbeddedWebApplicationContext@65c7a252: startup date [Wed May 17 23:44:09 CST 2017]; root of context hierarchy
2017-05-17 23:50:57 [main] INFO  c.g.wjw.service.user.UserServiceTest - Starting UserServiceTest on jail-PC with PID 15868 (started by Jail Hu in D:\workspace\git\jWjw)
2017-05-17 23:50:57 [main] INFO  c.g.wjw.service.user.UserServiceTest - The following profiles are active: development
2017-05-17 23:50:57 [main] INFO  o.s.b.c.e.AnnotationConfigEmbeddedWebApplicationContext - Refreshing org.springframework.boot.context.embedded.AnnotationConfigEmbeddedWebApplicationContext@65c7a252: startup date [Wed May 17 23:50:57 CST 2017]; root of context hierarchy
2017-05-17 23:50:57 [background-preinit] INFO  o.h.validator.internal.util.Version - HV000001: Hibernate Validator 5.3.5.Final
2017-05-17 23:50:58 [main] INFO  o.s.b.c.e.t.TomcatEmbeddedServletContainer - Tomcat initialized with port(s): 0 (http)
2017-05-17 23:50:58 [main] INFO  o.a.catalina.core.StandardService - Starting service Tomcat
2017-05-17 23:50:58 [main] INFO  o.a.catalina.core.StandardEngine - Starting Servlet Engine: Apache Tomcat/8.5.14
2017-05-17 23:50:58 [localhost-startStop-1] INFO  o.a.c.c.C.[Tomcat].[localhost].[/] - Initializing Spring embedded WebApplicationContext
2017-05-17 23:50:58 [localhost-startStop-1] INFO  o.s.web.context.ContextLoader - Root WebApplicationContext: initialization completed in 1406 ms
2017-05-17 23:50:59 [localhost-startStop-1] INFO  o.s.b.w.s.ServletRegistrationBean - Mapping servlet: 'dispatcherServlet' to [/]
2017-05-17 23:50:59 [localhost-startStop-1] INFO  o.s.b.w.s.FilterRegistrationBean - Mapping filter: 'characterEncodingFilter' to: [/*]
2017-05-17 23:50:59 [localhost-startStop-1] INFO  o.s.b.w.s.FilterRegistrationBean - Mapping filter: 'hiddenHttpMethodFilter' to: [/*]
2017-05-17 23:50:59 [localhost-startStop-1] INFO  o.s.b.w.s.FilterRegistrationBean - Mapping filter: 'httpPutFormContentFilter' to: [/*]
2017-05-17 23:50:59 [localhost-startStop-1] INFO  o.s.b.w.s.FilterRegistrationBean - Mapping filter: 'requestContextFilter' to: [/*]
2017-05-17 23:50:59 [main] INFO  o.s.w.s.m.m.a.RequestMappingHandlerAdapter - Looking for @ControllerAdvice: org.springframework.boot.context.embedded.AnnotationConfigEmbeddedWebApplicationContext@65c7a252: startup date [Wed May 17 23:50:57 CST 2017]; root of context hierarchy
2017-05-17 23:50:59 [main] INFO  o.s.w.s.m.m.a.RequestMappingHandlerMapping - Mapped "{[/helloworld]}" onto protected java.lang.String com.goodlaike.wjw.controller.HomeController.helloworld()
2017-05-17 23:50:59 [main] INFO  o.s.w.s.m.m.a.RequestMappingHandlerMapping - Mapped "{[/error]}" onto public org.springframework.http.ResponseEntity<java.util.Map<java.lang.String, java.lang.Object>> org.springframework.boot.autoconfigure.web.BasicErrorController.error(javax.servlet.http.HttpServletRequest)
2017-05-17 23:50:59 [main] INFO  o.s.w.s.m.m.a.RequestMappingHandlerMapping - Mapped "{[/error],produces=[text/html]}" onto public org.springframework.web.servlet.ModelAndView org.springframework.boot.autoconfigure.web.BasicErrorController.errorHtml(javax.servlet.http.HttpServletRequest,javax.servlet.http.HttpServletResponse)
2017-05-17 23:50:59 [main] INFO  o.s.w.s.h.SimpleUrlHandlerMapping - Mapped URL path [/webjars/**] onto handler of type [class org.springframework.web.servlet.resource.ResourceHttpRequestHandler]
2017-05-17 23:50:59 [main] INFO  o.s.w.s.h.SimpleUrlHandlerMapping - Mapped URL path [/**] onto handler of type [class org.springframework.web.servlet.resource.ResourceHttpRequestHandler]
2017-05-17 23:50:59 [main] INFO  o.s.w.s.h.SimpleUrlHandlerMapping - Mapped URL path [/**/favicon.ico] onto handler of type [class org.springframework.web.servlet.resource.ResourceHttpRequestHandler]
2017-05-17 23:51:00 [main] INFO  o.a.coyote.http11.Http11NioProtocol - Initializing ProtocolHandler ["http-nio-auto-1"]
2017-05-17 23:51:00 [main] INFO  o.a.coyote.http11.Http11NioProtocol - Starting ProtocolHandler ["http-nio-auto-1"]
2017-05-17 23:51:00 [main] INFO  o.a.tomcat.util.net.NioSelectorPool - Using a shared selector for servlet write/read
2017-05-17 23:51:00 [main] INFO  o.s.b.c.e.t.TomcatEmbeddedServletContainer - Tomcat started on port(s): 53222 (http)
2017-05-17 23:51:00 [main] INFO  c.g.wjw.service.user.UserServiceTest - Started UserServiceTest in 3.037 seconds (JVM running for 3.521)
2017-05-17 23:51:00 [main] INFO  o.s.t.c.t.TransactionContext - Began transaction (1) for test context [DefaultTestContext@23d2a7e8 testClass = UserServiceTest, testInstance = com.goodlaike.wjw.service.user.UserServiceTest@45820e51, testMethod = testUserNameExist@UserServiceTest, testException = [null], mergedContextConfiguration = [WebMergedContextConfiguration@7a9273a8 testClass = UserServiceTest, locations = '{}', classes = '{class com.goodlaike.wjw.Application, class com.goodlaike.wjw.Application}', contextInitializerClasses = '[]', activeProfiles = '{}', propertySourceLocations = '{}', propertySourceProperties = '{org.springframework.boot.test.context.SpringBootTestContextBootstrapper=true, server.port=0}', contextCustomizers = set[org.springframework.boot.test.context.SpringBootTestContextCustomizer@61832929, org.springframework.boot.test.context.filter.ExcludeFilterContextCustomizer@5e5792a0, org.springframework.boot.test.mock.mockito.MockitoContextCustomizer@0, org.springframework.boot.test.autoconfigure.properties.PropertyMappingContextCustomizer@0, org.springframework.boot.test.autoconfigure.web.servlet.WebDriverContextCustomizerFactory$Customizer@13deb50e], resourceBasePath = 'src/main/webapp', contextLoader = 'org.springframework.boot.test.context.SpringBootContextLoader', parent = [null]]]; transaction manager [org.springframework.jdbc.datasource.DataSourceTransactionManager@272ce069]; rollback [true]
2017-05-17 23:51:00 [main] DEBUG dao.UserMapper.findUserNameCnt - ==>  Preparing: select count(1) from user where userName = ? and status = 0 
2017-05-17 23:51:00 [main] DEBUG dao.UserMapper.findUserNameCnt - ==> Parameters: hello(String)
2017-05-17 23:51:00 [main] DEBUG dao.UserMapper.findUserNameCnt - <==      Total: 1
2017-05-17 23:51:00 [main] DEBUG dao.UserMapper.insert - ==>  Preparing: INSERT INTO `user` ( `userName`, `salt`, `password`, `creator`, `updator`) VALUES ( ?, ?, md5(concat(?,md5(?))), ?, ? ); 
2017-05-17 23:51:00 [main] DEBUG dao.UserMapper.insert - ==> Parameters: hello(String), aa92e3220d604f24ae60e3dd90971f5b(String), aa92e3220d604f24ae60e3dd90971f5b(String), abcefg(String), 1(Integer), 1(Integer)
2017-05-17 23:51:00 [main] DEBUG dao.UserMapper.insert - <==    Updates: 1
2017-05-17 23:51:00 [main] DEBUG dao.UserMapper.insert!selectKey - ==>  Preparing: select @@IDENTITY 
2017-05-17 23:51:00 [main] DEBUG dao.UserMapper.insert!selectKey - ==> Parameters: 
2017-05-17 23:51:00 [main] DEBUG dao.UserMapper.insert!selectKey - <==      Total: 1
2017-05-17 23:51:00 [main] DEBUG dao.UserMapper.findUserNameCnt - ==>  Preparing: select count(1) from user where userName = ? and status = 0 
2017-05-17 23:51:00 [main] DEBUG dao.UserMapper.findUserNameCnt - ==> Parameters: hello(String)
2017-05-17 23:51:00 [main] DEBUG dao.UserMapper.findUserNameCnt - <==      Total: 1
2017-05-17 23:51:00 [main] DEBUG dao.UserMapper.findUserNameCnt - ==>  Preparing: select count(1) from user where userName = ? and status = 0 and id != ? 
2017-05-17 23:51:00 [main] DEBUG dao.UserMapper.findUserNameCnt - ==> Parameters: hello(String), 6(Integer)
2017-05-17 23:51:00 [main] DEBUG dao.UserMapper.findUserNameCnt - <==      Total: 1
2017-05-17 23:51:00 [main] INFO  o.s.t.c.t.TransactionContext - Rolled back transaction for test context [DefaultTestContext@23d2a7e8 testClass = UserServiceTest, testInstance = com.goodlaike.wjw.service.user.UserServiceTest@45820e51, testMethod = testUserNameExist@UserServiceTest, testException = [null], mergedContextConfiguration = [WebMergedContextConfiguration@7a9273a8 testClass = UserServiceTest, locations = '{}', classes = '{class com.goodlaike.wjw.Application, class com.goodlaike.wjw.Application}', contextInitializerClasses = '[]', activeProfiles = '{}', propertySourceLocations = '{}', propertySourceProperties = '{org.springframework.boot.test.context.SpringBootTestContextBootstrapper=true, server.port=0}', contextCustomizers = set[org.springframework.boot.test.context.SpringBootTestContextCustomizer@61832929, org.springframework.boot.test.context.filter.ExcludeFilterContextCustomizer@5e5792a0, org.springframework.boot.test.mock.mockito.MockitoContextCustomizer@0, org.springframework.boot.test.autoconfigure.properties.PropertyMappingContextCustomizer@0, org.springframework.boot.test.autoconfigure.web.servlet.WebDriverContextCustomizerFactory$Customizer@13deb50e], resourceBasePath = 'src/main/webapp', contextLoader = 'org.springframework.boot.test.context.SpringBootContextLoader', parent = [null]]].
2017-05-17 23:51:00 [main] INFO  o.s.b.c.e.AnnotationConfigEmbeddedWebApplicationContext - Closing org.springframework.boot.context.embedded.AnnotationConfigEmbeddedWebApplicationContext@65c7a252: startup date [Wed May 17 23:50:57 CST 2017]; root of context hierarchy
2017-05-17 23:51:04 [main] INFO  c.g.wjw.service.user.UserServiceTest - Starting UserServiceTest on jail-PC with PID 15448 (started by Jail Hu in D:\workspace\git\jWjw)
2017-05-17 23:51:04 [main] INFO  c.g.wjw.service.user.UserServiceTest - The following profiles are active: development
2017-05-17 23:51:04 [main] INFO  o.s.b.c.e.AnnotationConfigEmbeddedWebApplicationContext - Refreshing org.springframework.boot.context.embedded.AnnotationConfigEmbeddedWebApplicationContext@25641d39: startup date [Wed May 17 23:51:04 CST 2017]; root of context hierarchy
2017-05-17 23:51:04 [background-preinit] INFO  o.h.validator.internal.util.Version - HV000001: Hibernate Validator 5.3.5.Final
2017-05-17 23:51:05 [main] INFO  o.s.b.c.e.t.TomcatEmbeddedServletContainer - Tomcat initialized with port(s): 0 (http)
2017-05-17 23:51:05 [main] INFO  o.a.catalina.core.StandardService - Starting service Tomcat
2017-05-17 23:51:05 [main] INFO  o.a.catalina.core.StandardEngine - Starting Servlet Engine: Apache Tomcat/8.5.14
2017-05-17 23:51:05 [localhost-startStop-1] INFO  o.a.c.c.C.[Tomcat].[localhost].[/] - Initializing Spring embedded WebApplicationContext
2017-05-17 23:51:05 [localhost-startStop-1] INFO  o.s.web.context.ContextLoader - Root WebApplicationContext: initialization completed in 1417 ms
2017-05-17 23:51:05 [localhost-startStop-1] INFO  o.s.b.w.s.ServletRegistrationBean - Mapping servlet: 'dispatcherServlet' to [/]
2017-05-17 23:51:05 [localhost-startStop-1] INFO  o.s.b.w.s.FilterRegistrationBean - Mapping filter: 'characterEncodingFilter' to: [/*]
2017-05-17 23:51:05 [localhost-startStop-1] INFO  o.s.b.w.s.FilterRegistrationBean - Mapping filter: 'hiddenHttpMethodFilter' to: [/*]
2017-05-17 23:51:05 [localhost-startStop-1] INFO  o.s.b.w.s.FilterRegistrationBean - Mapping filter: 'httpPutFormContentFilter' to: [/*]
2017-05-17 23:51:05 [localhost-startStop-1] INFO  o.s.b.w.s.FilterRegistrationBean - Mapping filter: 'requestContextFilter' to: [/*]
2017-05-17 23:51:06 [main] INFO  o.s.w.s.m.m.a.RequestMappingHandlerAdapter - Looking for @ControllerAdvice: org.springframework.boot.context.embedded.AnnotationConfigEmbeddedWebApplicationContext@25641d39: startup date [Wed May 17 23:51:04 CST 2017]; root of context hierarchy
2017-05-17 23:51:06 [main] INFO  o.s.w.s.m.m.a.RequestMappingHandlerMapping - Mapped "{[/helloworld]}" onto protected java.lang.String com.goodlaike.wjw.controller.HomeController.helloworld()
2017-05-17 23:51:06 [main] INFO  o.s.w.s.m.m.a.RequestMappingHandlerMapping - Mapped "{[/error]}" onto public org.springframework.http.ResponseEntity<java.util.Map<java.lang.String, java.lang.Object>> org.springframework.boot.autoconfigure.web.BasicErrorController.error(javax.servlet.http.HttpServletRequest)
2017-05-17 23:51:06 [main] INFO  o.s.w.s.m.m.a.RequestMappingHandlerMapping - Mapped "{[/error],produces=[text/html]}" onto public org.springframework.web.servlet.ModelAndView org.springframework.boot.autoconfigure.web.BasicErrorController.errorHtml(javax.servlet.http.HttpServletRequest,javax.servlet.http.HttpServletResponse)
2017-05-17 23:51:06 [main] INFO  o.s.w.s.h.SimpleUrlHandlerMapping - Mapped URL path [/webjars/**] onto handler of type [class org.springframework.web.servlet.resource.ResourceHttpRequestHandler]
2017-05-17 23:51:06 [main] INFO  o.s.w.s.h.SimpleUrlHandlerMapping - Mapped URL path [/**] onto handler of type [class org.springframework.web.servlet.resource.ResourceHttpRequestHandler]
2017-05-17 23:51:06 [main] INFO  o.s.w.s.h.SimpleUrlHandlerMapping - Mapped URL path [/**/favicon.ico] onto handler of type [class org.springframework.web.servlet.resource.ResourceHttpRequestHandler]
2017-05-17 23:51:06 [main] INFO  o.a.coyote.http11.Http11NioProtocol - Initializing ProtocolHandler ["http-nio-auto-1"]
2017-05-17 23:51:06 [main] INFO  o.a.coyote.http11.Http11NioProtocol - Starting ProtocolHandler ["http-nio-auto-1"]
2017-05-17 23:51:06 [main] INFO  o.a.tomcat.util.net.NioSelectorPool - Using a shared selector for servlet write/read
2017-05-17 23:51:07 [main] INFO  o.s.b.c.e.t.TomcatEmbeddedServletContainer - Tomcat started on port(s): 53237 (http)
2017-05-17 23:51:07 [main] INFO  c.g.wjw.service.user.UserServiceTest - Started UserServiceTest in 3.11 seconds (JVM running for 3.592)
2017-05-17 23:51:07 [main] INFO  o.s.t.c.t.TransactionContext - Began transaction (1) for test context [DefaultTestContext@58c1670b testClass = UserServiceTest, testInstance = com.goodlaike.wjw.service.user.UserServiceTest@7ce6a65d, testMethod = testAddUser@UserServiceTest, testException = [null], mergedContextConfiguration = [WebMergedContextConfiguration@6b57696f testClass = UserServiceTest, locations = '{}', classes = '{class com.goodlaike.wjw.Application, class com.goodlaike.wjw.Application}', contextInitializerClasses = '[]', activeProfiles = '{}', propertySourceLocations = '{}', propertySourceProperties = '{org.springframework.boot.test.context.SpringBootTestContextBootstrapper=true, server.port=0}', contextCustomizers = set[org.springframework.boot.test.context.SpringBootTestContextCustomizer@d8355a8, org.springframework.boot.test.context.filter.ExcludeFilterContextCustomizer@4501b7af, org.springframework.boot.test.mock.mockito.MockitoContextCustomizer@0, org.springframework.boot.test.autoconfigure.properties.PropertyMappingContextCustomizer@0, org.springframework.boot.test.autoconfigure.web.servlet.WebDriverContextCustomizerFactory$Customizer@754ba872], resourceBasePath = 'src/main/webapp', contextLoader = 'org.springframework.boot.test.context.SpringBootContextLoader', parent = [null]]]; transaction manager [org.springframework.jdbc.datasource.DataSourceTransactionManager@7a583586]; rollback [true]
2017-05-17 23:51:07 [main] INFO  o.s.t.c.t.TransactionContext - Rolled back transaction for test context [DefaultTestContext@58c1670b testClass = UserServiceTest, testInstance = com.goodlaike.wjw.service.user.UserServiceTest@7ce6a65d, testMethod = testAddUser@UserServiceTest, testException = java.lang.IllegalArgumentException: 密码不能为空且为6-16个字符, mergedContextConfiguration = [WebMergedContextConfiguration@6b57696f testClass = UserServiceTest, locations = '{}', classes = '{class com.goodlaike.wjw.Application, class com.goodlaike.wjw.Application}', contextInitializerClasses = '[]', activeProfiles = '{}', propertySourceLocations = '{}', propertySourceProperties = '{org.springframework.boot.test.context.SpringBootTestContextBootstrapper=true, server.port=0}', contextCustomizers = set[org.springframework.boot.test.context.SpringBootTestContextCustomizer@d8355a8, org.springframework.boot.test.context.filter.ExcludeFilterContextCustomizer@4501b7af, org.springframework.boot.test.mock.mockito.MockitoContextCustomizer@0, org.springframework.boot.test.autoconfigure.properties.PropertyMappingContextCustomizer@0, org.springframework.boot.test.autoconfigure.web.servlet.WebDriverContextCustomizerFactory$Customizer@754ba872], resourceBasePath = 'src/main/webapp', contextLoader = 'org.springframework.boot.test.context.SpringBootContextLoader', parent = [null]]].
2017-05-17 23:51:07 [main] INFO  o.s.t.c.t.TransactionContext - Began transaction (1) for test context [DefaultTestContext@58c1670b testClass = UserServiceTest, testInstance = com.goodlaike.wjw.service.user.UserServiceTest@c2584d3, testMethod = testFindUserStringString@UserServiceTest, testException = [null], mergedContextConfiguration = [WebMergedContextConfiguration@6b57696f testClass = UserServiceTest, locations = '{}', classes = '{class com.goodlaike.wjw.Application, class com.goodlaike.wjw.Application}', contextInitializerClasses = '[]', activeProfiles = '{}', propertySourceLocations = '{}', propertySourceProperties = '{org.springframework.boot.test.context.SpringBootTestContextBootstrapper=true, server.port=0}', contextCustomizers = set[org.springframework.boot.test.context.SpringBootTestContextCustomizer@d8355a8, org.springframework.boot.test.context.filter.ExcludeFilterContextCustomizer@4501b7af, org.springframework.boot.test.mock.mockito.MockitoContextCustomizer@0, org.springframework.boot.test.autoconfigure.properties.PropertyMappingContextCustomizer@0, org.springframework.boot.test.autoconfigure.web.servlet.WebDriverContextCustomizerFactory$Customizer@754ba872], resourceBasePath = 'src/main/webapp', contextLoader = 'org.springframework.boot.test.context.SpringBootContextLoader', parent = [null]]]; transaction manager [org.springframework.jdbc.datasource.DataSourceTransactionManager@7a583586]; rollback [true]
2017-05-17 23:51:07 [main] DEBUG dao.UserMapper.findUserNameCnt - ==>  Preparing: select count(1) from user where userName = ? and status = 0 
2017-05-17 23:51:07 [main] DEBUG dao.UserMapper.findUserNameCnt - ==> Parameters: hello(String)
2017-05-17 23:51:07 [main] DEBUG dao.UserMapper.findUserNameCnt - <==      Total: 1
2017-05-17 23:51:07 [main] DEBUG dao.UserMapper.insert - ==>  Preparing: INSERT INTO `user` ( `userName`, `salt`, `password`, `creator`, `updator`) VALUES ( ?, ?, md5(concat(?,md5(?))), ?, ? ); 
2017-05-17 23:51:07 [main] DEBUG dao.UserMapper.insert - ==> Parameters: hello(String), 05d494c36e1d412dbad814007d6f39a5(String), 05d494c36e1d412dbad814007d6f39a5(String), abcefg(String), 1(Integer), 1(Integer)
2017-05-17 23:51:07 [main] DEBUG dao.UserMapper.insert - <==    Updates: 1
2017-05-17 23:51:07 [main] DEBUG dao.UserMapper.insert!selectKey - ==>  Preparing: select @@IDENTITY 
2017-05-17 23:51:07 [main] DEBUG dao.UserMapper.insert!selectKey - ==> Parameters: 
2017-05-17 23:51:07 [main] DEBUG dao.UserMapper.insert!selectKey - <==      Total: 1
2017-05-17 23:51:07 [main] DEBUG dao.UserMapper.findByUserName - ==>  Preparing: select * from user where userName = ? and password = md5(concat(salt,md5(?))) and status = 0 
2017-05-17 23:51:07 [main] DEBUG dao.UserMapper.findByUserName - ==> Parameters: hello(String), abcefg(String)
2017-05-17 23:51:07 [main] DEBUG dao.UserMapper.findByUserName - <==      Total: 1
2017-05-17 23:51:07 [main] INFO  o.s.t.c.t.TransactionContext - Rolled back transaction for test context [DefaultTestContext@58c1670b testClass = UserServiceTest, testInstance = com.goodlaike.wjw.service.user.UserServiceTest@c2584d3, testMethod = testFindUserStringString@UserServiceTest, testException = [null], mergedContextConfiguration = [WebMergedContextConfiguration@6b57696f testClass = UserServiceTest, locations = '{}', classes = '{class com.goodlaike.wjw.Application, class com.goodlaike.wjw.Application}', contextInitializerClasses = '[]', activeProfiles = '{}', propertySourceLocations = '{}', propertySourceProperties = '{org.springframework.boot.test.context.SpringBootTestContextBootstrapper=true, server.port=0}', contextCustomizers = set[org.springframework.boot.test.context.SpringBootTestContextCustomizer@d8355a8, org.springframework.boot.test.context.filter.ExcludeFilterContextCustomizer@4501b7af, org.springframework.boot.test.mock.mockito.MockitoContextCustomizer@0, org.springframework.boot.test.autoconfigure.properties.PropertyMappingContextCustomizer@0, org.springframework.boot.test.autoconfigure.web.servlet.WebDriverContextCustomizerFactory$Customizer@754ba872], resourceBasePath = 'src/main/webapp', contextLoader = 'org.springframework.boot.test.context.SpringBootContextLoader', parent = [null]]].
2017-05-17 23:51:07 [main] INFO  o.s.t.c.t.TransactionContext - Began transaction (1) for test context [DefaultTestContext@58c1670b testClass = UserServiceTest, testInstance = com.goodlaike.wjw.service.user.UserServiceTest@33956d1a, testMethod = testChangePassword@UserServiceTest, testException = [null], mergedContextConfiguration = [WebMergedContextConfiguration@6b57696f testClass = UserServiceTest, locations = '{}', classes = '{class com.goodlaike.wjw.Application, class com.goodlaike.wjw.Application}', contextInitializerClasses = '[]', activeProfiles = '{}', propertySourceLocations = '{}', propertySourceProperties = '{org.springframework.boot.test.context.SpringBootTestContextBootstrapper=true, server.port=0}', contextCustomizers = set[org.springframework.boot.test.context.SpringBootTestContextCustomizer@d8355a8, org.springframework.boot.test.context.filter.ExcludeFilterContextCustomizer@4501b7af, org.springframework.boot.test.mock.mockito.MockitoContextCustomizer@0, org.springframework.boot.test.autoconfigure.properties.PropertyMappingContextCustomizer@0, org.springframework.boot.test.autoconfigure.web.servlet.WebDriverContextCustomizerFactory$Customizer@754ba872], resourceBasePath = 'src/main/webapp', contextLoader = 'org.springframework.boot.test.context.SpringBootContextLoader', parent = [null]]]; transaction manager [org.springframework.jdbc.datasource.DataSourceTransactionManager@7a583586]; rollback [true]
2017-05-17 23:51:07 [main] DEBUG dao.UserMapper.findUserNameCnt - ==>  Preparing: select count(1) from user where userName = ? and status = 0 
2017-05-17 23:51:07 [main] DEBUG dao.UserMapper.findUserNameCnt - ==> Parameters: hello(String)
2017-05-17 23:51:07 [main] DEBUG dao.UserMapper.findUserNameCnt - <==      Total: 1
2017-05-17 23:51:07 [main] DEBUG dao.UserMapper.insert - ==>  Preparing: INSERT INTO `user` ( `userName`, `salt`, `password`, `creator`, `updator`) VALUES ( ?, ?, md5(concat(?,md5(?))), ?, ? ); 
2017-05-17 23:51:07 [main] DEBUG dao.UserMapper.insert - ==> Parameters: hello(String), 04c8c98aff4a467097dbd187f3410f67(String), 04c8c98aff4a467097dbd187f3410f67(String), abcefg(String), 1(Integer), 1(Integer)
2017-05-17 23:51:07 [main] DEBUG dao.UserMapper.insert - <==    Updates: 1
2017-05-17 23:51:07 [main] DEBUG dao.UserMapper.insert!selectKey - ==>  Preparing: select @@IDENTITY 
2017-05-17 23:51:07 [main] DEBUG dao.UserMapper.insert!selectKey - ==> Parameters: 
2017-05-17 23:51:07 [main] DEBUG dao.UserMapper.insert!selectKey - <==      Total: 1
2017-05-17 23:51:07 [main] DEBUG dao.UserMapper.findById2 - ==>  Preparing: select * from user where id = ? and password = md5(concat(salt,md5(?))) and status = 0 
2017-05-17 23:51:07 [main] DEBUG dao.UserMapper.findById2 - ==> Parameters: 8(Integer), abcefg(String)
2017-05-17 23:51:07 [main] DEBUG dao.UserMapper.findById2 - <==      Total: 1
2017-05-17 23:51:07 [main] DEBUG dao.UserMapper.changePassword - ==>  Preparing: update user set `password` = md5(concat(salt,md5(?))), `updator` = ?, `updateTime` = now() where id = ? 
2017-05-17 23:51:07 [main] DEBUG dao.UserMapper.changePassword - ==> Parameters: cbaaac(String), 1(Integer), 8(Integer)
2017-05-17 23:51:07 [main] DEBUG dao.UserMapper.changePassword - <==    Updates: 1
2017-05-17 23:51:07 [main] DEBUG dao.UserMapper.changePassword - ==>  Preparing: update user set `password` = md5(concat(salt,md5(?))), `updator` = ?, `updateTime` = now() where id = ? 
2017-05-17 23:51:07 [main] DEBUG dao.UserMapper.changePassword - ==> Parameters: dddccc(String), 1(Integer), 8(Integer)
2017-05-17 23:51:07 [main] DEBUG dao.UserMapper.changePassword - <==    Updates: 1
2017-05-17 23:51:07 [main] INFO  o.s.t.c.t.TransactionContext - Rolled back transaction for test context [DefaultTestContext@58c1670b testClass = UserServiceTest, testInstance = com.goodlaike.wjw.service.user.UserServiceTest@33956d1a, testMethod = testChangePassword@UserServiceTest, testException = [null], mergedContextConfiguration = [WebMergedContextConfiguration@6b57696f testClass = UserServiceTest, locations = '{}', classes = '{class com.goodlaike.wjw.Application, class com.goodlaike.wjw.Application}', contextInitializerClasses = '[]', activeProfiles = '{}', propertySourceLocations = '{}', propertySourceProperties = '{org.springframework.boot.test.context.SpringBootTestContextBootstrapper=true, server.port=0}', contextCustomizers = set[org.springframework.boot.test.context.SpringBootTestContextCustomizer@d8355a8, org.springframework.boot.test.context.filter.ExcludeFilterContextCustomizer@4501b7af, org.springframework.boot.test.mock.mockito.MockitoContextCustomizer@0, org.springframework.boot.test.autoconfigure.properties.PropertyMappingContextCustomizer@0, org.springframework.boot.test.autoconfigure.web.servlet.WebDriverContextCustomizerFactory$Customizer@754ba872], resourceBasePath = 'src/main/webapp', contextLoader = 'org.springframework.boot.test.context.SpringBootContextLoader', parent = [null]]].
2017-05-17 23:51:07 [main] INFO  o.s.t.c.t.TransactionContext - Began transaction (1) for test context [DefaultTestContext@58c1670b testClass = UserServiceTest, testInstance = com.goodlaike.wjw.service.user.UserServiceTest@75120e58, testMethod = testUserNameExist@UserServiceTest, testException = [null], mergedContextConfiguration = [WebMergedContextConfiguration@6b57696f testClass = UserServiceTest, locations = '{}', classes = '{class com.goodlaike.wjw.Application, class com.goodlaike.wjw.Application}', contextInitializerClasses = '[]', activeProfiles = '{}', propertySourceLocations = '{}', propertySourceProperties = '{org.springframework.boot.test.context.SpringBootTestContextBootstrapper=true, server.port=0}', contextCustomizers = set[org.springframework.boot.test.context.SpringBootTestContextCustomizer@d8355a8, org.springframework.boot.test.context.filter.ExcludeFilterContextCustomizer@4501b7af, org.springframework.boot.test.mock.mockito.MockitoContextCustomizer@0, org.springframework.boot.test.autoconfigure.properties.PropertyMappingContextCustomizer@0, org.springframework.boot.test.autoconfigure.web.servlet.WebDriverContextCustomizerFactory$Customizer@754ba872], resourceBasePath = 'src/main/webapp', contextLoader = 'org.springframework.boot.test.context.SpringBootContextLoader', parent = [null]]]; transaction manager [org.springframework.jdbc.datasource.DataSourceTransactionManager@7a583586]; rollback [true]
2017-05-17 23:51:07 [main] DEBUG dao.UserMapper.findUserNameCnt - ==>  Preparing: select count(1) from user where userName = ? and status = 0 
2017-05-17 23:51:07 [main] DEBUG dao.UserMapper.findUserNameCnt - ==> Parameters: hello(String)
2017-05-17 23:51:07 [main] DEBUG dao.UserMapper.findUserNameCnt - <==      Total: 1
2017-05-17 23:51:07 [main] DEBUG dao.UserMapper.insert - ==>  Preparing: INSERT INTO `user` ( `userName`, `salt`, `password`, `creator`, `updator`) VALUES ( ?, ?, md5(concat(?,md5(?))), ?, ? ); 
2017-05-17 23:51:07 [main] DEBUG dao.UserMapper.insert - ==> Parameters: hello(String), 88e2280571e44a9680e11affbc53bde1(String), 88e2280571e44a9680e11affbc53bde1(String), abcefg(String), 1(Integer), 1(Integer)
2017-05-17 23:51:07 [main] DEBUG dao.UserMapper.insert - <==    Updates: 1
2017-05-17 23:51:07 [main] DEBUG dao.UserMapper.insert!selectKey - ==>  Preparing: select @@IDENTITY 
2017-05-17 23:51:07 [main] DEBUG dao.UserMapper.insert!selectKey - ==> Parameters: 
2017-05-17 23:51:07 [main] DEBUG dao.UserMapper.insert!selectKey - <==      Total: 1
2017-05-17 23:51:07 [main] DEBUG dao.UserMapper.findUserNameCnt - ==>  Preparing: select count(1) from user where userName = ? and status = 0 
2017-05-17 23:51:07 [main] DEBUG dao.UserMapper.findUserNameCnt - ==> Parameters: hello(String)
2017-05-17 23:51:07 [main] DEBUG dao.UserMapper.findUserNameCnt - <==      Total: 1
2017-05-17 23:51:07 [main] DEBUG dao.UserMapper.findUserNameCnt - ==>  Preparing: select count(1) from user where userName = ? and status = 0 and id != ? 
2017-05-17 23:51:07 [main] DEBUG dao.UserMapper.findUserNameCnt - ==> Parameters: hello(String), 9(Integer)
2017-05-17 23:51:07 [main] DEBUG dao.UserMapper.findUserNameCnt - <==      Total: 1
2017-05-17 23:51:07 [main] INFO  o.s.t.c.t.TransactionContext - Rolled back transaction for test context [DefaultTestContext@58c1670b testClass = UserServiceTest, testInstance = com.goodlaike.wjw.service.user.UserServiceTest@75120e58, testMethod = testUserNameExist@UserServiceTest, testException = [null], mergedContextConfiguration = [WebMergedContextConfiguration@6b57696f testClass = UserServiceTest, locations = '{}', classes = '{class com.goodlaike.wjw.Application, class com.goodlaike.wjw.Application}', contextInitializerClasses = '[]', activeProfiles = '{}', propertySourceLocations = '{}', propertySourceProperties = '{org.springframework.boot.test.context.SpringBootTestContextBootstrapper=true, server.port=0}', contextCustomizers = set[org.springframework.boot.test.context.SpringBootTestContextCustomizer@d8355a8, org.springframework.boot.test.context.filter.ExcludeFilterContextCustomizer@4501b7af, org.springframework.boot.test.mock.mockito.MockitoContextCustomizer@0, org.springframework.boot.test.autoconfigure.properties.PropertyMappingContextCustomizer@0, org.springframework.boot.test.autoconfigure.web.servlet.WebDriverContextCustomizerFactory$Customizer@754ba872], resourceBasePath = 'src/main/webapp', contextLoader = 'org.springframework.boot.test.context.SpringBootContextLoader', parent = [null]]].
2017-05-17 23:51:07 [main] INFO  o.s.t.c.t.TransactionContext - Began transaction (1) for test context [DefaultTestContext@58c1670b testClass = UserServiceTest, testInstance = com.goodlaike.wjw.service.user.UserServiceTest@21ba2445, testMethod = testFindUserView@UserServiceTest, testException = [null], mergedContextConfiguration = [WebMergedContextConfiguration@6b57696f testClass = UserServiceTest, locations = '{}', classes = '{class com.goodlaike.wjw.Application, class com.goodlaike.wjw.Application}', contextInitializerClasses = '[]', activeProfiles = '{}', propertySourceLocations = '{}', propertySourceProperties = '{org.springframework.boot.test.context.SpringBootTestContextBootstrapper=true, server.port=0}', contextCustomizers = set[org.springframework.boot.test.context.SpringBootTestContextCustomizer@d8355a8, org.springframework.boot.test.context.filter.ExcludeFilterContextCustomizer@4501b7af, org.springframework.boot.test.mock.mockito.MockitoContextCustomizer@0, org.springframework.boot.test.autoconfigure.properties.PropertyMappingContextCustomizer@0, org.springframework.boot.test.autoconfigure.web.servlet.WebDriverContextCustomizerFactory$Customizer@754ba872], resourceBasePath = 'src/main/webapp', contextLoader = 'org.springframework.boot.test.context.SpringBootContextLoader', parent = [null]]]; transaction manager [org.springframework.jdbc.datasource.DataSourceTransactionManager@7a583586]; rollback [true]
2017-05-17 23:51:07 [main] DEBUG dao.UserMapper.findUserNameCnt - ==>  Preparing: select count(1) from user where userName = ? and status = 0 
2017-05-17 23:51:07 [main] DEBUG dao.UserMapper.findUserNameCnt - ==> Parameters: hello(String)
2017-05-17 23:51:07 [main] DEBUG dao.UserMapper.findUserNameCnt - <==      Total: 1
2017-05-17 23:51:07 [main] DEBUG dao.UserMapper.insert - ==>  Preparing: INSERT INTO `user` ( `userName`, `salt`, `password`, `creator`, `updator`) VALUES ( ?, ?, md5(concat(?,md5(?))), ?, ? ); 
2017-05-17 23:51:07 [main] DEBUG dao.UserMapper.insert - ==> Parameters: hello(String), 8cc767f2e18c4924b8d8b869a7f6e044(String), 8cc767f2e18c4924b8d8b869a7f6e044(String), abcefg(String), 1(Integer), 1(Integer)
2017-05-17 23:51:07 [main] DEBUG dao.UserMapper.insert - <==    Updates: 1
2017-05-17 23:51:07 [main] DEBUG dao.UserMapper.insert!selectKey - ==>  Preparing: select @@IDENTITY 
2017-05-17 23:51:07 [main] DEBUG dao.UserMapper.insert!selectKey - ==> Parameters: 
2017-05-17 23:51:07 [main] DEBUG dao.UserMapper.insert!selectKey - <==      Total: 1
2017-05-17 23:51:07 [main] DEBUG dao.UserMapper.findById - ==>  Preparing: select * from user where id = ? where status = 0 
2017-05-17 23:51:07 [main] DEBUG dao.UserMapper.findById - ==> Parameters: 10(Integer)
2017-05-17 23:51:07 [main] INFO  o.s.b.f.xml.XmlBeanDefinitionReader - Loading XML bean definitions from class path resource [org/springframework/jdbc/support/sql-error-codes.xml]
2017-05-17 23:51:07 [main] INFO  o.s.j.support.SQLErrorCodesFactory - SQLErrorCodes loaded: [DB2, Derby, H2, HSQL, Informix, MS-SQL, MySQL, Oracle, PostgreSQL, Sybase, Hana]
2017-05-17 23:51:07 [main] INFO  o.s.t.c.t.TransactionContext - Rolled back transaction for test context [DefaultTestContext@58c1670b testClass = UserServiceTest, testInstance = com.goodlaike.wjw.service.user.UserServiceTest@21ba2445, testMethod = testFindUserView@UserServiceTest, testException = org.springframework.jdbc.BadSqlGrammarException: 
### Error querying database.  Cause: java.sql.SQLSyntaxErrorException: You have an error in your SQL syntax; check the manual that corresponds to your MySQL server version for the right syntax to use near 'where status = 0' at line 1
### The error may exist in file [D:\workspace\git\jWjw\target\classes\mybatis\mappers\UserMapper.xml]
### The error may involve UserMapper.findById-Inline
### The error occurred while setting parameters
### SQL: select * from user where id = ? where status = 0
### Cause: java.sql.SQLSyntaxErrorException: You have an error in your SQL syntax; check the manual that corresponds to your MySQL server version for the right syntax to use near 'where status = 0' at line 1
; bad SQL grammar []; nested exception is java.sql.SQLSyntaxErrorException: You have an error in your SQL syntax; check the manual that corresponds to your MySQL server version for the right syntax to use near 'where status = 0' at line 1, mergedContextConfiguration = [WebMergedContextConfiguration@6b57696f testClass = UserServiceTest, locations = '{}', classes = '{class com.goodlaike.wjw.Application, class com.goodlaike.wjw.Application}', contextInitializerClasses = '[]', activeProfiles = '{}', propertySourceLocations = '{}', propertySourceProperties = '{org.springframework.boot.test.context.SpringBootTestContextBootstrapper=true, server.port=0}', contextCustomizers = set[org.springframework.boot.test.context.SpringBootTestContextCustomizer@d8355a8, org.springframework.boot.test.context.filter.ExcludeFilterContextCustomizer@4501b7af, org.springframework.boot.test.mock.mockito.MockitoContextCustomizer@0, org.springframework.boot.test.autoconfigure.properties.PropertyMappingContextCustomizer@0, org.springframework.boot.test.autoconfigure.web.servlet.WebDriverContextCustomizerFactory$Customizer@754ba872], resourceBasePath = 'src/main/webapp', contextLoader = 'org.springframework.boot.test.context.SpringBootContextLoader', parent = [null]]].
2017-05-17 23:51:07 [main] INFO  o.s.t.c.t.TransactionContext - Began transaction (1) for test context [DefaultTestContext@58c1670b testClass = UserServiceTest, testInstance = com.goodlaike.wjw.service.user.UserServiceTest@2f521c4, testMethod = testDeleteUser@UserServiceTest, testException = [null], mergedContextConfiguration = [WebMergedContextConfiguration@6b57696f testClass = UserServiceTest, locations = '{}', classes = '{class com.goodlaike.wjw.Application, class com.goodlaike.wjw.Application}', contextInitializerClasses = '[]', activeProfiles = '{}', propertySourceLocations = '{}', propertySourceProperties = '{org.springframework.boot.test.context.SpringBootTestContextBootstrapper=true, server.port=0}', contextCustomizers = set[org.springframework.boot.test.context.SpringBootTestContextCustomizer@d8355a8, org.springframework.boot.test.context.filter.ExcludeFilterContextCustomizer@4501b7af, org.springframework.boot.test.mock.mockito.MockitoContextCustomizer@0, org.springframework.boot.test.autoconfigure.properties.PropertyMappingContextCustomizer@0, org.springframework.boot.test.autoconfigure.web.servlet.WebDriverContextCustomizerFactory$Customizer@754ba872], resourceBasePath = 'src/main/webapp', contextLoader = 'org.springframework.boot.test.context.SpringBootContextLoader', parent = [null]]]; transaction manager [org.springframework.jdbc.datasource.DataSourceTransactionManager@7a583586]; rollback [true]
2017-05-17 23:51:07 [main] DEBUG dao.UserMapper.findUserNameCnt - ==>  Preparing: select count(1) from user where userName = ? and status = 0 
2017-05-17 23:51:07 [main] DEBUG dao.UserMapper.findUserNameCnt - ==> Parameters: hello(String)
2017-05-17 23:51:07 [main] DEBUG dao.UserMapper.findUserNameCnt - <==      Total: 1
2017-05-17 23:51:07 [main] DEBUG dao.UserMapper.insert - ==>  Preparing: INSERT INTO `user` ( `userName`, `salt`, `password`, `creator`, `updator`) VALUES ( ?, ?, md5(concat(?,md5(?))), ?, ? ); 
2017-05-17 23:51:07 [main] DEBUG dao.UserMapper.insert - ==> Parameters: hello(String), b21bda46ff414c77a21095c7982a485d(String), b21bda46ff414c77a21095c7982a485d(String), abcefg(String), 1(Integer), 1(Integer)
2017-05-17 23:51:07 [main] DEBUG dao.UserMapper.insert - <==    Updates: 1
2017-05-17 23:51:07 [main] DEBUG dao.UserMapper.insert!selectKey - ==>  Preparing: select @@IDENTITY 
2017-05-17 23:51:07 [main] DEBUG dao.UserMapper.insert!selectKey - ==> Parameters: 
2017-05-17 23:51:07 [main] DEBUG dao.UserMapper.insert!selectKey - <==      Total: 1
2017-05-17 23:51:07 [main] DEBUG dao.UserMapper.delete - ==>  Preparing: update user set `status` = 9, `updator` = ?, `updateTime` = now() where id = ? 
2017-05-17 23:51:07 [main] DEBUG dao.UserMapper.delete - ==> Parameters: 1(Integer), 11(Integer)
2017-05-17 23:51:07 [main] DEBUG dao.UserMapper.delete - <==    Updates: 1
2017-05-17 23:51:07 [main] INFO  o.s.t.c.t.TransactionContext - Rolled back transaction for test context [DefaultTestContext@58c1670b testClass = UserServiceTest, testInstance = com.goodlaike.wjw.service.user.UserServiceTest@2f521c4, testMethod = testDeleteUser@UserServiceTest, testException = [null], mergedContextConfiguration = [WebMergedContextConfiguration@6b57696f testClass = UserServiceTest, locations = '{}', classes = '{class com.goodlaike.wjw.Application, class com.goodlaike.wjw.Application}', contextInitializerClasses = '[]', activeProfiles = '{}', propertySourceLocations = '{}', propertySourceProperties = '{org.springframework.boot.test.context.SpringBootTestContextBootstrapper=true, server.port=0}', contextCustomizers = set[org.springframework.boot.test.context.SpringBootTestContextCustomizer@d8355a8, org.springframework.boot.test.context.filter.ExcludeFilterContextCustomizer@4501b7af, org.springframework.boot.test.mock.mockito.MockitoContextCustomizer@0, org.springframework.boot.test.autoconfigure.properties.PropertyMappingContextCustomizer@0, org.springframework.boot.test.autoconfigure.web.servlet.WebDriverContextCustomizerFactory$Customizer@754ba872], resourceBasePath = 'src/main/webapp', contextLoader = 'org.springframework.boot.test.context.SpringBootContextLoader', parent = [null]]].
2017-05-17 23:51:07 [main] INFO  o.s.b.c.e.AnnotationConfigEmbeddedWebApplicationContext - Closing org.springframework.boot.context.embedded.AnnotationConfigEmbeddedWebApplicationContext@25641d39: startup date [Wed May 17 23:51:04 CST 2017]; root of context hierarchy
2017-05-17 23:51:56 [main] INFO  c.g.wjw.service.user.UserServiceTest - Starting UserServiceTest on jail-PC with PID 3352 (started by Jail Hu in D:\workspace\git\jWjw)
2017-05-17 23:51:56 [main] INFO  c.g.wjw.service.user.UserServiceTest - The following profiles are active: development
2017-05-17 23:51:56 [main] INFO  o.s.b.c.e.AnnotationConfigEmbeddedWebApplicationContext - Refreshing org.springframework.boot.context.embedded.AnnotationConfigEmbeddedWebApplicationContext@25641d39: startup date [Wed May 17 23:51:56 CST 2017]; root of context hierarchy
2017-05-17 23:51:56 [background-preinit] INFO  o.h.validator.internal.util.Version - HV000001: Hibernate Validator 5.3.5.Final
2017-05-17 23:51:57 [main] INFO  o.s.b.c.e.t.TomcatEmbeddedServletContainer - Tomcat initialized with port(s): 0 (http)
2017-05-17 23:51:57 [main] INFO  o.a.catalina.core.StandardService - Starting service Tomcat
2017-05-17 23:51:57 [main] INFO  o.a.catalina.core.StandardEngine - Starting Servlet Engine: Apache Tomcat/8.5.14
2017-05-17 23:51:57 [localhost-startStop-1] INFO  o.a.c.c.C.[Tomcat].[localhost].[/] - Initializing Spring embedded WebApplicationContext
2017-05-17 23:51:57 [localhost-startStop-1] INFO  o.s.web.context.ContextLoader - Root WebApplicationContext: initialization completed in 1373 ms
2017-05-17 23:51:58 [localhost-startStop-1] INFO  o.s.b.w.s.ServletRegistrationBean - Mapping servlet: 'dispatcherServlet' to [/]
2017-05-17 23:51:58 [localhost-startStop-1] INFO  o.s.b.w.s.FilterRegistrationBean - Mapping filter: 'characterEncodingFilter' to: [/*]
2017-05-17 23:51:58 [localhost-startStop-1] INFO  o.s.b.w.s.FilterRegistrationBean - Mapping filter: 'hiddenHttpMethodFilter' to: [/*]
2017-05-17 23:51:58 [localhost-startStop-1] INFO  o.s.b.w.s.FilterRegistrationBean - Mapping filter: 'httpPutFormContentFilter' to: [/*]
2017-05-17 23:51:58 [localhost-startStop-1] INFO  o.s.b.w.s.FilterRegistrationBean - Mapping filter: 'requestContextFilter' to: [/*]
2017-05-17 23:51:58 [main] INFO  o.s.w.s.m.m.a.RequestMappingHandlerAdapter - Looking for @ControllerAdvice: org.springframework.boot.context.embedded.AnnotationConfigEmbeddedWebApplicationContext@25641d39: startup date [Wed May 17 23:51:56 CST 2017]; root of context hierarchy
2017-05-17 23:51:58 [main] INFO  o.s.w.s.m.m.a.RequestMappingHandlerMapping - Mapped "{[/helloworld]}" onto protected java.lang.String com.goodlaike.wjw.controller.HomeController.helloworld()
2017-05-17 23:51:58 [main] INFO  o.s.w.s.m.m.a.RequestMappingHandlerMapping - Mapped "{[/error]}" onto public org.springframework.http.ResponseEntity<java.util.Map<java.lang.String, java.lang.Object>> org.springframework.boot.autoconfigure.web.BasicErrorController.error(javax.servlet.http.HttpServletRequest)
2017-05-17 23:51:58 [main] INFO  o.s.w.s.m.m.a.RequestMappingHandlerMapping - Mapped "{[/error],produces=[text/html]}" onto public org.springframework.web.servlet.ModelAndView org.springframework.boot.autoconfigure.web.BasicErrorController.errorHtml(javax.servlet.http.HttpServletRequest,javax.servlet.http.HttpServletResponse)
2017-05-17 23:51:58 [main] INFO  o.s.w.s.h.SimpleUrlHandlerMapping - Mapped URL path [/webjars/**] onto handler of type [class org.springframework.web.servlet.resource.ResourceHttpRequestHandler]
2017-05-17 23:51:58 [main] INFO  o.s.w.s.h.SimpleUrlHandlerMapping - Mapped URL path [/**] onto handler of type [class org.springframework.web.servlet.resource.ResourceHttpRequestHandler]
2017-05-17 23:51:58 [main] INFO  o.s.w.s.h.SimpleUrlHandlerMapping - Mapped URL path [/**/favicon.ico] onto handler of type [class org.springframework.web.servlet.resource.ResourceHttpRequestHandler]
2017-05-17 23:51:58 [main] INFO  o.a.coyote.http11.Http11NioProtocol - Initializing ProtocolHandler ["http-nio-auto-1"]
2017-05-17 23:51:58 [main] INFO  o.a.coyote.http11.Http11NioProtocol - Starting ProtocolHandler ["http-nio-auto-1"]
2017-05-17 23:51:59 [main] INFO  o.a.tomcat.util.net.NioSelectorPool - Using a shared selector for servlet write/read
2017-05-17 23:51:59 [main] INFO  o.s.b.c.e.t.TomcatEmbeddedServletContainer - Tomcat started on port(s): 53273 (http)
2017-05-17 23:51:59 [main] INFO  c.g.wjw.service.user.UserServiceTest - Started UserServiceTest in 2.968 seconds (JVM running for 3.418)
2017-05-17 23:51:59 [main] INFO  o.s.t.c.t.TransactionContext - Began transaction (1) for test context [DefaultTestContext@58c1670b testClass = UserServiceTest, testInstance = com.goodlaike.wjw.service.user.UserServiceTest@7ce6a65d, testMethod = testAddUser@UserServiceTest, testException = [null], mergedContextConfiguration = [WebMergedContextConfiguration@6b57696f testClass = UserServiceTest, locations = '{}', classes = '{class com.goodlaike.wjw.Application, class com.goodlaike.wjw.Application}', contextInitializerClasses = '[]', activeProfiles = '{}', propertySourceLocations = '{}', propertySourceProperties = '{org.springframework.boot.test.context.SpringBootTestContextBootstrapper=true, server.port=0}', contextCustomizers = set[org.springframework.boot.test.context.SpringBootTestContextCustomizer@d8355a8, org.springframework.boot.test.context.filter.ExcludeFilterContextCustomizer@4501b7af, org.springframework.boot.test.mock.mockito.MockitoContextCustomizer@0, org.springframework.boot.test.autoconfigure.properties.PropertyMappingContextCustomizer@0, org.springframework.boot.test.autoconfigure.web.servlet.WebDriverContextCustomizerFactory$Customizer@754ba872], resourceBasePath = 'src/main/webapp', contextLoader = 'org.springframework.boot.test.context.SpringBootContextLoader', parent = [null]]]; transaction manager [org.springframework.jdbc.datasource.DataSourceTransactionManager@74fab04a]; rollback [true]
2017-05-17 23:51:59 [main] DEBUG dao.UserMapper.findUserNameCnt - ==>  Preparing: select count(1) from user where userName = ? and status = 0 
2017-05-17 23:51:59 [main] DEBUG dao.UserMapper.findUserNameCnt - ==> Parameters: hello(String)
2017-05-17 23:51:59 [main] DEBUG dao.UserMapper.findUserNameCnt - <==      Total: 1
2017-05-17 23:51:59 [main] DEBUG dao.UserMapper.insert - ==>  Preparing: INSERT INTO `user` ( `userName`, `salt`, `password`, `creator`, `updator`) VALUES ( ?, ?, md5(concat(?,md5(?))), ?, ? ); 
2017-05-17 23:51:59 [main] DEBUG dao.UserMapper.insert - ==> Parameters: hello(String), 7b37e6b559134af2865a969dd48faced(String), 7b37e6b559134af2865a969dd48faced(String), abcefghij(String), 1(Integer), 1(Integer)
2017-05-17 23:51:59 [main] DEBUG dao.UserMapper.insert - <==    Updates: 1
2017-05-17 23:51:59 [main] DEBUG dao.UserMapper.insert!selectKey - ==>  Preparing: select @@IDENTITY 
2017-05-17 23:51:59 [main] DEBUG dao.UserMapper.insert!selectKey - ==> Parameters: 
2017-05-17 23:51:59 [main] DEBUG dao.UserMapper.insert!selectKey - <==      Total: 1
2017-05-17 23:51:59 [main] INFO  o.s.t.c.t.TransactionContext - Rolled back transaction for test context [DefaultTestContext@58c1670b testClass = UserServiceTest, testInstance = com.goodlaike.wjw.service.user.UserServiceTest@7ce6a65d, testMethod = testAddUser@UserServiceTest, testException = [null], mergedContextConfiguration = [WebMergedContextConfiguration@6b57696f testClass = UserServiceTest, locations = '{}', classes = '{class com.goodlaike.wjw.Application, class com.goodlaike.wjw.Application}', contextInitializerClasses = '[]', activeProfiles = '{}', propertySourceLocations = '{}', propertySourceProperties = '{org.springframework.boot.test.context.SpringBootTestContextBootstrapper=true, server.port=0}', contextCustomizers = set[org.springframework.boot.test.context.SpringBootTestContextCustomizer@d8355a8, org.springframework.boot.test.context.filter.ExcludeFilterContextCustomizer@4501b7af, org.springframework.boot.test.mock.mockito.MockitoContextCustomizer@0, org.springframework.boot.test.autoconfigure.properties.PropertyMappingContextCustomizer@0, org.springframework.boot.test.autoconfigure.web.servlet.WebDriverContextCustomizerFactory$Customizer@754ba872], resourceBasePath = 'src/main/webapp', contextLoader = 'org.springframework.boot.test.context.SpringBootContextLoader', parent = [null]]].
2017-05-17 23:51:59 [main] INFO  o.s.t.c.t.TransactionContext - Began transaction (1) for test context [DefaultTestContext@58c1670b testClass = UserServiceTest, testInstance = com.goodlaike.wjw.service.user.UserServiceTest@44065156, testMethod = testFindUserStringString@UserServiceTest, testException = [null], mergedContextConfiguration = [WebMergedContextConfiguration@6b57696f testClass = UserServiceTest, locations = '{}', classes = '{class com.goodlaike.wjw.Application, class com.goodlaike.wjw.Application}', contextInitializerClasses = '[]', activeProfiles = '{}', propertySourceLocations = '{}', propertySourceProperties = '{org.springframework.boot.test.context.SpringBootTestContextBootstrapper=true, server.port=0}', contextCustomizers = set[org.springframework.boot.test.context.SpringBootTestContextCustomizer@d8355a8, org.springframework.boot.test.context.filter.ExcludeFilterContextCustomizer@4501b7af, org.springframework.boot.test.mock.mockito.MockitoContextCustomizer@0, org.springframework.boot.test.autoconfigure.properties.PropertyMappingContextCustomizer@0, org.springframework.boot.test.autoconfigure.web.servlet.WebDriverContextCustomizerFactory$Customizer@754ba872], resourceBasePath = 'src/main/webapp', contextLoader = 'org.springframework.boot.test.context.SpringBootContextLoader', parent = [null]]]; transaction manager [org.springframework.jdbc.datasource.DataSourceTransactionManager@74fab04a]; rollback [true]
2017-05-17 23:51:59 [main] DEBUG dao.UserMapper.findUserNameCnt - ==>  Preparing: select count(1) from user where userName = ? and status = 0 
2017-05-17 23:51:59 [main] DEBUG dao.UserMapper.findUserNameCnt - ==> Parameters: hello(String)
2017-05-17 23:51:59 [main] DEBUG dao.UserMapper.findUserNameCnt - <==      Total: 1
2017-05-17 23:51:59 [main] DEBUG dao.UserMapper.insert - ==>  Preparing: INSERT INTO `user` ( `userName`, `salt`, `password`, `creator`, `updator`) VALUES ( ?, ?, md5(concat(?,md5(?))), ?, ? ); 
2017-05-17 23:51:59 [main] DEBUG dao.UserMapper.insert - ==> Parameters: hello(String), ce8c304bc6ce435fb7e8b750ad6f499c(String), ce8c304bc6ce435fb7e8b750ad6f499c(String), abcefg(String), 1(Integer), 1(Integer)
2017-05-17 23:51:59 [main] DEBUG dao.UserMapper.insert - <==    Updates: 1
2017-05-17 23:51:59 [main] DEBUG dao.UserMapper.insert!selectKey - ==>  Preparing: select @@IDENTITY 
2017-05-17 23:51:59 [main] DEBUG dao.UserMapper.insert!selectKey - ==> Parameters: 
2017-05-17 23:51:59 [main] DEBUG dao.UserMapper.insert!selectKey - <==      Total: 1
2017-05-17 23:51:59 [main] DEBUG dao.UserMapper.findByUserName - ==>  Preparing: select * from user where userName = ? and password = md5(concat(salt,md5(?))) and status = 0 
2017-05-17 23:51:59 [main] DEBUG dao.UserMapper.findByUserName - ==> Parameters: hello(String), abcefg(String)
2017-05-17 23:51:59 [main] DEBUG dao.UserMapper.findByUserName - <==      Total: 1
2017-05-17 23:51:59 [main] INFO  o.s.t.c.t.TransactionContext - Rolled back transaction for test context [DefaultTestContext@58c1670b testClass = UserServiceTest, testInstance = com.goodlaike.wjw.service.user.UserServiceTest@44065156, testMethod = testFindUserStringString@UserServiceTest, testException = [null], mergedContextConfiguration = [WebMergedContextConfiguration@6b57696f testClass = UserServiceTest, locations = '{}', classes = '{class com.goodlaike.wjw.Application, class com.goodlaike.wjw.Application}', contextInitializerClasses = '[]', activeProfiles = '{}', propertySourceLocations = '{}', propertySourceProperties = '{org.springframework.boot.test.context.SpringBootTestContextBootstrapper=true, server.port=0}', contextCustomizers = set[org.springframework.boot.test.context.SpringBootTestContextCustomizer@d8355a8, org.springframework.boot.test.context.filter.ExcludeFilterContextCustomizer@4501b7af, org.springframework.boot.test.mock.mockito.MockitoContextCustomizer@0, org.springframework.boot.test.autoconfigure.properties.PropertyMappingContextCustomizer@0, org.springframework.boot.test.autoconfigure.web.servlet.WebDriverContextCustomizerFactory$Customizer@754ba872], resourceBasePath = 'src/main/webapp', contextLoader = 'org.springframework.boot.test.context.SpringBootContextLoader', parent = [null]]].
2017-05-17 23:51:59 [main] INFO  o.s.t.c.t.TransactionContext - Began transaction (1) for test context [DefaultTestContext@58c1670b testClass = UserServiceTest, testInstance = com.goodlaike.wjw.service.user.UserServiceTest@26c89563, testMethod = testChangePassword@UserServiceTest, testException = [null], mergedContextConfiguration = [WebMergedContextConfiguration@6b57696f testClass = UserServiceTest, locations = '{}', classes = '{class com.goodlaike.wjw.Application, class com.goodlaike.wjw.Application}', contextInitializerClasses = '[]', activeProfiles = '{}', propertySourceLocations = '{}', propertySourceProperties = '{org.springframework.boot.test.context.SpringBootTestContextBootstrapper=true, server.port=0}', contextCustomizers = set[org.springframework.boot.test.context.SpringBootTestContextCustomizer@d8355a8, org.springframework.boot.test.context.filter.ExcludeFilterContextCustomizer@4501b7af, org.springframework.boot.test.mock.mockito.MockitoContextCustomizer@0, org.springframework.boot.test.autoconfigure.properties.PropertyMappingContextCustomizer@0, org.springframework.boot.test.autoconfigure.web.servlet.WebDriverContextCustomizerFactory$Customizer@754ba872], resourceBasePath = 'src/main/webapp', contextLoader = 'org.springframework.boot.test.context.SpringBootContextLoader', parent = [null]]]; transaction manager [org.springframework.jdbc.datasource.DataSourceTransactionManager@74fab04a]; rollback [true]
2017-05-17 23:51:59 [main] DEBUG dao.UserMapper.findUserNameCnt - ==>  Preparing: select count(1) from user where userName = ? and status = 0 
2017-05-17 23:51:59 [main] DEBUG dao.UserMapper.findUserNameCnt - ==> Parameters: hello(String)
2017-05-17 23:51:59 [main] DEBUG dao.UserMapper.findUserNameCnt - <==      Total: 1
2017-05-17 23:51:59 [main] DEBUG dao.UserMapper.insert - ==>  Preparing: INSERT INTO `user` ( `userName`, `salt`, `password`, `creator`, `updator`) VALUES ( ?, ?, md5(concat(?,md5(?))), ?, ? ); 
2017-05-17 23:51:59 [main] DEBUG dao.UserMapper.insert - ==> Parameters: hello(String), d24df1a4e77046e7a3954bb31ec0349c(String), d24df1a4e77046e7a3954bb31ec0349c(String), abcefg(String), 1(Integer), 1(Integer)
2017-05-17 23:51:59 [main] DEBUG dao.UserMapper.insert - <==    Updates: 1
2017-05-17 23:51:59 [main] DEBUG dao.UserMapper.insert!selectKey - ==>  Preparing: select @@IDENTITY 
2017-05-17 23:51:59 [main] DEBUG dao.UserMapper.insert!selectKey - ==> Parameters: 
2017-05-17 23:51:59 [main] DEBUG dao.UserMapper.insert!selectKey - <==      Total: 1
2017-05-17 23:51:59 [main] DEBUG dao.UserMapper.findById2 - ==>  Preparing: select * from user where id = ? and password = md5(concat(salt,md5(?))) and status = 0 
2017-05-17 23:51:59 [main] DEBUG dao.UserMapper.findById2 - ==> Parameters: 14(Integer), abcefg(String)
2017-05-17 23:51:59 [main] DEBUG dao.UserMapper.findById2 - <==      Total: 1
2017-05-17 23:51:59 [main] DEBUG dao.UserMapper.changePassword - ==>  Preparing: update user set `password` = md5(concat(salt,md5(?))), `updator` = ?, `updateTime` = now() where id = ? 
2017-05-17 23:51:59 [main] DEBUG dao.UserMapper.changePassword - ==> Parameters: cbaaac(String), 1(Integer), 14(Integer)
2017-05-17 23:51:59 [main] DEBUG dao.UserMapper.changePassword - <==    Updates: 1
2017-05-17 23:51:59 [main] DEBUG dao.UserMapper.changePassword - ==>  Preparing: update user set `password` = md5(concat(salt,md5(?))), `updator` = ?, `updateTime` = now() where id = ? 
2017-05-17 23:51:59 [main] DEBUG dao.UserMapper.changePassword - ==> Parameters: dddccc(String), 1(Integer), 14(Integer)
2017-05-17 23:51:59 [main] DEBUG dao.UserMapper.changePassword - <==    Updates: 1
2017-05-17 23:51:59 [main] INFO  o.s.t.c.t.TransactionContext - Rolled back transaction for test context [DefaultTestContext@58c1670b testClass = UserServiceTest, testInstance = com.goodlaike.wjw.service.user.UserServiceTest@26c89563, testMethod = testChangePassword@UserServiceTest, testException = [null], mergedContextConfiguration = [WebMergedContextConfiguration@6b57696f testClass = UserServiceTest, locations = '{}', classes = '{class com.goodlaike.wjw.Application, class com.goodlaike.wjw.Application}', contextInitializerClasses = '[]', activeProfiles = '{}', propertySourceLocations = '{}', propertySourceProperties = '{org.springframework.boot.test.context.SpringBootTestContextBootstrapper=true, server.port=0}', contextCustomizers = set[org.springframework.boot.test.context.SpringBootTestContextCustomizer@d8355a8, org.springframework.boot.test.context.filter.ExcludeFilterContextCustomizer@4501b7af, org.springframework.boot.test.mock.mockito.MockitoContextCustomizer@0, org.springframework.boot.test.autoconfigure.properties.PropertyMappingContextCustomizer@0, org.springframework.boot.test.autoconfigure.web.servlet.WebDriverContextCustomizerFactory$Customizer@754ba872], resourceBasePath = 'src/main/webapp', contextLoader = 'org.springframework.boot.test.context.SpringBootContextLoader', parent = [null]]].
2017-05-17 23:51:59 [main] INFO  o.s.t.c.t.TransactionContext - Began transaction (1) for test context [DefaultTestContext@58c1670b testClass = UserServiceTest, testInstance = com.goodlaike.wjw.service.user.UserServiceTest@63dfada0, testMethod = testUserNameExist@UserServiceTest, testException = [null], mergedContextConfiguration = [WebMergedContextConfiguration@6b57696f testClass = UserServiceTest, locations = '{}', classes = '{class com.goodlaike.wjw.Application, class com.goodlaike.wjw.Application}', contextInitializerClasses = '[]', activeProfiles = '{}', propertySourceLocations = '{}', propertySourceProperties = '{org.springframework.boot.test.context.SpringBootTestContextBootstrapper=true, server.port=0}', contextCustomizers = set[org.springframework.boot.test.context.SpringBootTestContextCustomizer@d8355a8, org.springframework.boot.test.context.filter.ExcludeFilterContextCustomizer@4501b7af, org.springframework.boot.test.mock.mockito.MockitoContextCustomizer@0, org.springframework.boot.test.autoconfigure.properties.PropertyMappingContextCustomizer@0, org.springframework.boot.test.autoconfigure.web.servlet.WebDriverContextCustomizerFactory$Customizer@754ba872], resourceBasePath = 'src/main/webapp', contextLoader = 'org.springframework.boot.test.context.SpringBootContextLoader', parent = [null]]]; transaction manager [org.springframework.jdbc.datasource.DataSourceTransactionManager@74fab04a]; rollback [true]
2017-05-17 23:51:59 [main] DEBUG dao.UserMapper.findUserNameCnt - ==>  Preparing: select count(1) from user where userName = ? and status = 0 
2017-05-17 23:51:59 [main] DEBUG dao.UserMapper.findUserNameCnt - ==> Parameters: hello(String)
2017-05-17 23:51:59 [main] DEBUG dao.UserMapper.findUserNameCnt - <==      Total: 1
2017-05-17 23:51:59 [main] DEBUG dao.UserMapper.insert - ==>  Preparing: INSERT INTO `user` ( `userName`, `salt`, `password`, `creator`, `updator`) VALUES ( ?, ?, md5(concat(?,md5(?))), ?, ? ); 
2017-05-17 23:51:59 [main] DEBUG dao.UserMapper.insert - ==> Parameters: hello(String), bf90aa82564643a992e50e3f3223b2e1(String), bf90aa82564643a992e50e3f3223b2e1(String), abcefg(String), 1(Integer), 1(Integer)
2017-05-17 23:51:59 [main] DEBUG dao.UserMapper.insert - <==    Updates: 1
2017-05-17 23:51:59 [main] DEBUG dao.UserMapper.insert!selectKey - ==>  Preparing: select @@IDENTITY 
2017-05-17 23:51:59 [main] DEBUG dao.UserMapper.insert!selectKey - ==> Parameters: 
2017-05-17 23:51:59 [main] DEBUG dao.UserMapper.insert!selectKey - <==      Total: 1
2017-05-17 23:51:59 [main] DEBUG dao.UserMapper.findUserNameCnt - ==>  Preparing: select count(1) from user where userName = ? and status = 0 
2017-05-17 23:51:59 [main] DEBUG dao.UserMapper.findUserNameCnt - ==> Parameters: hello(String)
2017-05-17 23:51:59 [main] DEBUG dao.UserMapper.findUserNameCnt - <==      Total: 1
2017-05-17 23:51:59 [main] DEBUG dao.UserMapper.findUserNameCnt - ==>  Preparing: select count(1) from user where userName = ? and status = 0 and id != ? 
2017-05-17 23:51:59 [main] DEBUG dao.UserMapper.findUserNameCnt - ==> Parameters: hello(String), 15(Integer)
2017-05-17 23:51:59 [main] DEBUG dao.UserMapper.findUserNameCnt - <==      Total: 1
2017-05-17 23:51:59 [main] INFO  o.s.t.c.t.TransactionContext - Rolled back transaction for test context [DefaultTestContext@58c1670b testClass = UserServiceTest, testInstance = com.goodlaike.wjw.service.user.UserServiceTest@63dfada0, testMethod = testUserNameExist@UserServiceTest, testException = [null], mergedContextConfiguration = [WebMergedContextConfiguration@6b57696f testClass = UserServiceTest, locations = '{}', classes = '{class com.goodlaike.wjw.Application, class com.goodlaike.wjw.Application}', contextInitializerClasses = '[]', activeProfiles = '{}', propertySourceLocations = '{}', propertySourceProperties = '{org.springframework.boot.test.context.SpringBootTestContextBootstrapper=true, server.port=0}', contextCustomizers = set[org.springframework.boot.test.context.SpringBootTestContextCustomizer@d8355a8, org.springframework.boot.test.context.filter.ExcludeFilterContextCustomizer@4501b7af, org.springframework.boot.test.mock.mockito.MockitoContextCustomizer@0, org.springframework.boot.test.autoconfigure.properties.PropertyMappingContextCustomizer@0, org.springframework.boot.test.autoconfigure.web.servlet.WebDriverContextCustomizerFactory$Customizer@754ba872], resourceBasePath = 'src/main/webapp', contextLoader = 'org.springframework.boot.test.context.SpringBootContextLoader', parent = [null]]].
2017-05-17 23:51:59 [main] INFO  o.s.t.c.t.TransactionContext - Began transaction (1) for test context [DefaultTestContext@58c1670b testClass = UserServiceTest, testInstance = com.goodlaike.wjw.service.user.UserServiceTest@7f6874f2, testMethod = testFindUserView@UserServiceTest, testException = [null], mergedContextConfiguration = [WebMergedContextConfiguration@6b57696f testClass = UserServiceTest, locations = '{}', classes = '{class com.goodlaike.wjw.Application, class com.goodlaike.wjw.Application}', contextInitializerClasses = '[]', activeProfiles = '{}', propertySourceLocations = '{}', propertySourceProperties = '{org.springframework.boot.test.context.SpringBootTestContextBootstrapper=true, server.port=0}', contextCustomizers = set[org.springframework.boot.test.context.SpringBootTestContextCustomizer@d8355a8, org.springframework.boot.test.context.filter.ExcludeFilterContextCustomizer@4501b7af, org.springframework.boot.test.mock.mockito.MockitoContextCustomizer@0, org.springframework.boot.test.autoconfigure.properties.PropertyMappingContextCustomizer@0, org.springframework.boot.test.autoconfigure.web.servlet.WebDriverContextCustomizerFactory$Customizer@754ba872], resourceBasePath = 'src/main/webapp', contextLoader = 'org.springframework.boot.test.context.SpringBootContextLoader', parent = [null]]]; transaction manager [org.springframework.jdbc.datasource.DataSourceTransactionManager@74fab04a]; rollback [true]
2017-05-17 23:51:59 [main] DEBUG dao.UserMapper.findUserNameCnt - ==>  Preparing: select count(1) from user where userName = ? and status = 0 
2017-05-17 23:51:59 [main] DEBUG dao.UserMapper.findUserNameCnt - ==> Parameters: hello(String)
2017-05-17 23:51:59 [main] DEBUG dao.UserMapper.findUserNameCnt - <==      Total: 1
2017-05-17 23:51:59 [main] DEBUG dao.UserMapper.insert - ==>  Preparing: INSERT INTO `user` ( `userName`, `salt`, `password`, `creator`, `updator`) VALUES ( ?, ?, md5(concat(?,md5(?))), ?, ? ); 
2017-05-17 23:51:59 [main] DEBUG dao.UserMapper.insert - ==> Parameters: hello(String), bbb9dadbdaad43b1975a90a0139fbbd5(String), bbb9dadbdaad43b1975a90a0139fbbd5(String), abcefg(String), 1(Integer), 1(Integer)
2017-05-17 23:51:59 [main] DEBUG dao.UserMapper.insert - <==    Updates: 1
2017-05-17 23:51:59 [main] DEBUG dao.UserMapper.insert!selectKey - ==>  Preparing: select @@IDENTITY 
2017-05-17 23:51:59 [main] DEBUG dao.UserMapper.insert!selectKey - ==> Parameters: 
2017-05-17 23:51:59 [main] DEBUG dao.UserMapper.insert!selectKey - <==      Total: 1
2017-05-17 23:51:59 [main] DEBUG dao.UserMapper.findById - ==>  Preparing: select * from user where id = ? and status = 0 
2017-05-17 23:51:59 [main] DEBUG dao.UserMapper.findById - ==> Parameters: 16(Integer)
2017-05-17 23:51:59 [main] DEBUG dao.UserMapper.findById - <==      Total: 1
2017-05-17 23:51:59 [main] INFO  o.s.t.c.t.TransactionContext - Rolled back transaction for test context [DefaultTestContext@58c1670b testClass = UserServiceTest, testInstance = com.goodlaike.wjw.service.user.UserServiceTest@7f6874f2, testMethod = testFindUserView@UserServiceTest, testException = [null], mergedContextConfiguration = [WebMergedContextConfiguration@6b57696f testClass = UserServiceTest, locations = '{}', classes = '{class com.goodlaike.wjw.Application, class com.goodlaike.wjw.Application}', contextInitializerClasses = '[]', activeProfiles = '{}', propertySourceLocations = '{}', propertySourceProperties = '{org.springframework.boot.test.context.SpringBootTestContextBootstrapper=true, server.port=0}', contextCustomizers = set[org.springframework.boot.test.context.SpringBootTestContextCustomizer@d8355a8, org.springframework.boot.test.context.filter.ExcludeFilterContextCustomizer@4501b7af, org.springframework.boot.test.mock.mockito.MockitoContextCustomizer@0, org.springframework.boot.test.autoconfigure.properties.PropertyMappingContextCustomizer@0, org.springframework.boot.test.autoconfigure.web.servlet.WebDriverContextCustomizerFactory$Customizer@754ba872], resourceBasePath = 'src/main/webapp', contextLoader = 'org.springframework.boot.test.context.SpringBootContextLoader', parent = [null]]].
2017-05-17 23:51:59 [main] INFO  o.s.t.c.t.TransactionContext - Began transaction (1) for test context [DefaultTestContext@58c1670b testClass = UserServiceTest, testInstance = com.goodlaike.wjw.service.user.UserServiceTest@21ba2445, testMethod = testDeleteUser@UserServiceTest, testException = [null], mergedContextConfiguration = [WebMergedContextConfiguration@6b57696f testClass = UserServiceTest, locations = '{}', classes = '{class com.goodlaike.wjw.Application, class com.goodlaike.wjw.Application}', contextInitializerClasses = '[]', activeProfiles = '{}', propertySourceLocations = '{}', propertySourceProperties = '{org.springframework.boot.test.context.SpringBootTestContextBootstrapper=true, server.port=0}', contextCustomizers = set[org.springframework.boot.test.context.SpringBootTestContextCustomizer@d8355a8, org.springframework.boot.test.context.filter.ExcludeFilterContextCustomizer@4501b7af, org.springframework.boot.test.mock.mockito.MockitoContextCustomizer@0, org.springframework.boot.test.autoconfigure.properties.PropertyMappingContextCustomizer@0, org.springframework.boot.test.autoconfigure.web.servlet.WebDriverContextCustomizerFactory$Customizer@754ba872], resourceBasePath = 'src/main/webapp', contextLoader = 'org.springframework.boot.test.context.SpringBootContextLoader', parent = [null]]]; transaction manager [org.springframework.jdbc.datasource.DataSourceTransactionManager@74fab04a]; rollback [true]
2017-05-17 23:51:59 [main] DEBUG dao.UserMapper.findUserNameCnt - ==>  Preparing: select count(1) from user where userName = ? and status = 0 
2017-05-17 23:51:59 [main] DEBUG dao.UserMapper.findUserNameCnt - ==> Parameters: hello(String)
2017-05-17 23:51:59 [main] DEBUG dao.UserMapper.findUserNameCnt - <==      Total: 1
2017-05-17 23:51:59 [main] DEBUG dao.UserMapper.insert - ==>  Preparing: INSERT INTO `user` ( `userName`, `salt`, `password`, `creator`, `updator`) VALUES ( ?, ?, md5(concat(?,md5(?))), ?, ? ); 
2017-05-17 23:51:59 [main] DEBUG dao.UserMapper.insert - ==> Parameters: hello(String), 62652829821b4dcba04d4d2f73f9646c(String), 62652829821b4dcba04d4d2f73f9646c(String), abcefg(String), 1(Integer), 1(Integer)
2017-05-17 23:51:59 [main] DEBUG dao.UserMapper.insert - <==    Updates: 1
2017-05-17 23:51:59 [main] DEBUG dao.UserMapper.insert!selectKey - ==>  Preparing: select @@IDENTITY 
2017-05-17 23:51:59 [main] DEBUG dao.UserMapper.insert!selectKey - ==> Parameters: 
2017-05-17 23:51:59 [main] DEBUG dao.UserMapper.insert!selectKey - <==      Total: 1
2017-05-17 23:51:59 [main] DEBUG dao.UserMapper.delete - ==>  Preparing: update user set `status` = 9, `updator` = ?, `updateTime` = now() where id = ? 
2017-05-17 23:51:59 [main] DEBUG dao.UserMapper.delete - ==> Parameters: 1(Integer), 17(Integer)
2017-05-17 23:51:59 [main] DEBUG dao.UserMapper.delete - <==    Updates: 1
2017-05-17 23:51:59 [main] INFO  o.s.t.c.t.TransactionContext - Rolled back transaction for test context [DefaultTestContext@58c1670b testClass = UserServiceTest, testInstance = com.goodlaike.wjw.service.user.UserServiceTest@21ba2445, testMethod = testDeleteUser@UserServiceTest, testException = [null], mergedContextConfiguration = [WebMergedContextConfiguration@6b57696f testClass = UserServiceTest, locations = '{}', classes = '{class com.goodlaike.wjw.Application, class com.goodlaike.wjw.Application}', contextInitializerClasses = '[]', activeProfiles = '{}', propertySourceLocations = '{}', propertySourceProperties = '{org.springframework.boot.test.context.SpringBootTestContextBootstrapper=true, server.port=0}', contextCustomizers = set[org.springframework.boot.test.context.SpringBootTestContextCustomizer@d8355a8, org.springframework.boot.test.context.filter.ExcludeFilterContextCustomizer@4501b7af, org.springframework.boot.test.mock.mockito.MockitoContextCustomizer@0, org.springframework.boot.test.autoconfigure.properties.PropertyMappingContextCustomizer@0, org.springframework.boot.test.autoconfigure.web.servlet.WebDriverContextCustomizerFactory$Customizer@754ba872], resourceBasePath = 'src/main/webapp', contextLoader = 'org.springframework.boot.test.context.SpringBootContextLoader', parent = [null]]].
2017-05-17 23:51:59 [main] INFO  o.s.b.c.e.AnnotationConfigEmbeddedWebApplicationContext - Closing org.springframework.boot.context.embedded.AnnotationConfigEmbeddedWebApplicationContext@25641d39: startup date [Wed May 17 23:51:56 CST 2017]; root of context hierarchy
